1586861131069	mozrunner::runner	INFO	Running command: "C:\\Program Files\\Mozilla Firefox\\firefox.exe" "-marionette" "-foreground" "-no-remote" "-profile" "C:\\Users\\PHILIP~1\\AppData\\Local\\Temp\\rust_mozprofilewM7StA"
1586861131572	addons.webextension.doh-rollout@mozilla.org	WARN	Loading extension 'doh-rollout@mozilla.org': Reading manifest: Invalid extension permission: networkStatus
1586861132039	addons.webextension.screenshots@mozilla.org	WARN	Loading extension 'screenshots@mozilla.org': Reading manifest: Invalid extension permission: mozillaAddons
1586861132039	addons.webextension.screenshots@mozilla.org	WARN	Loading extension 'screenshots@mozilla.org': Reading manifest: Invalid extension permission: telemetry
1586861132040	addons.webextension.screenshots@mozilla.org	WARN	Loading extension 'screenshots@mozilla.org': Reading manifest: Invalid extension permission: resource://pdf.js/
1586861132040	addons.webextension.screenshots@mozilla.org	WARN	Loading extension 'screenshots@mozilla.org': Reading manifest: Invalid extension permission: about:reader*
JavaScript error: resource://gre/modules/XULStore.jsm, line 66: Error: Can't find profile directory.
1586861134281	Marionette	INFO	Listening on port 52025
1586861134680	Marionette	WARN	TLS certificate errors will be ignored for this session
JavaScript warning: https://www.instagram.com/static/bundles/es6/ConsumerLibCommons.js/3902dff8dd68.js, line 63: Script terminated by timeout at:
c@https://www.instagram.com/static/bundles/es6/ConsumerLibCommons.js/3902dff8dd68.js:63:1002
c@https://www.instagram.com/static/bundles/es6/Consumer.js/c001709b277c.js:153:254
n@https://www.instagram.com/static/bundles/es6/Consumer.js/c001709b277c.js:153:133
t@https://www.instagram.com/static/bundles/es6/Consumer.js/c001709b277c.js:154:135
e.initTimeSpentBitArrayLogger/<@https://www.instagram.com/static/bundles/es6/Consumer.js/c001709b277c.js:153:733
inform/<@https://www.instagram.com/static/bundles/es6/ConsumerLibCommons.js/3902dff8dd68.js:86:142
inform@https://www.instagram.com/static/bundles/es6/ConsumerLibCommons.js/3902dff8dd68.js:86:131
h@https://www.instagram.com/static/bundles/es6/ConsumerLibCommons.js/3902dff8dd68.js:84:2108
v@https://www.instagram.com/static/bundles/es6/ConsumerUICommons.js/1a26c5d5328b.js:31:187

A content process crashed and MOZ_CRASHREPORTER_SHUTDOWN is set, shutting down
JavaScript error: resource://gre/actors/BrowserElementParent.jsm, line 180: Error: permitUnload is already running for this tab.

###!!! [Parent][MessageChannel] Error: (msgtype=0x37012D,name=PContent::Msg_AsyncMessage) Channel error: cannot send/recv


###!!! [Parent][MessageChannel] Error: (msgtype=0x37012D,name=PContent::Msg_AsyncMessage) Channel error: cannot send/recv


###!!! [Parent][MessageChannel] Error: (msgtype=0x37012D,name=PContent::Msg_AsyncMessage) Channel error: cannot send/recv


###!!! [Parent][MessageChannel] Error: (msgtype=0x37012D,name=PContent::Msg_AsyncMessage) Channel error: cannot send/recv


###!!! [Parent][MessageChannel] Error: (msgtype=0x37012D,name=PContent::Msg_AsyncMessage) Channel error: cannot send/recv


###!!! [Parent][MessageChannel] Error: (msgtype=0x37012D,name=PContent::Msg_AsyncMessage) Channel error: cannot send/recv


###!!! [Parent][MessageChannel] Error: (msgtype=0x37012D,name=PContent::Msg_AsyncMessage) Channel error: cannot send/recv


###!!! [Parent][MessageChannel] Error: (msgtype=0x37012D,name=PContent::Msg_AsyncMessage) Channel error: cannot send/recv


###!!! [Parent][MessageChannel] Error: (msgtype=0x37012D,name=PContent::Msg_AsyncMessage) Channel error: cannot send/recv


###!!! [Parent][MessageChannel] Error: (msgtype=0x1E0051,name=PBrowser::Msg_FlushTabState) Channel error: cannot send/recv


###!!! [Parent][MessageChannel] Error: (msgtype=0x1E0096,name=PBrowser::Msg_Destroy) Channel error: cannot send/recv


###!!! [Parent][MessageChannel] Error: (msgtype=0x370131,name=PContent::Msg_DetachBrowsingContext) Channel error: cannot send/recv


###!!! [Parent][MessageChannel] Error: (msgtype=0x37012D,name=PContent::Msg_AsyncMessage) Channel error: cannot send/recv


###!!! [Parent][MessageChannel] Error: (msgtype=0x37012D,name=PContent::Msg_AsyncMessage) Channel error: cannot send/recv


###!!! [Parent][MessageChannel] Error: (msgtype=0x37012D,name=PContent::Msg_AsyncMessage) Channel error: cannot send/recv


###!!! [Parent][MessageChannel] Error: (msgtype=0x37012D,name=PContent::Msg_AsyncMessage) Channel error: cannot send/recv


###!!! [Parent][MessageChannel] Error: (msgtype=0x37012D,name=PContent::Msg_AsyncMessage) Channel error: cannot send/recv


###!!! [Parent][MessageChannel] Error: (msgtype=0x37012D,name=PContent::Msg_AsyncMessage) Channel error: cannot send/recv


###!!! [Parent][MessageChannel] Error: (msgtype=0x37012D,name=PContent::Msg_AsyncMessage) Channel error: cannot send/recv


###!!! [Parent][MessageChannel] Error: (msgtype=0x37012D,name=PContent::Msg_AsyncMessage) Channel error: cannot send/recv


###!!! [Parent][MessageChannel] Error: (msgtype=0x37012D,name=PContent::Msg_AsyncMessage) Channel error: cannot send/recv


###!!! [Parent][MessageChannel] Error: (msgtype=0x37012D,name=PContent::Msg_AsyncMessage) Channel error: cannot send/recv


###!!! [Parent][MessageChannel] Error: (msgtype=0x37012D,name=PContent::Msg_AsyncMessage) Channel error: cannot send/recv


###!!! [Parent][MessageChannel] Error: (msgtype=0x37012D,name=PContent::Msg_AsyncMessage) Channel error: cannot send/recv


###!!! [Parent][MessageChannel] Error: (msgtype=0x1E0051,name=PBrowser::Msg_FlushTabState) Channel error: cannot send/recv


###!!! [Parent][MessageChannel] Error: (msgtype=0x1E0096,name=PBrowser::Msg_Destroy) Channel error: cannot send/recv


###!!! [Parent][MessageChannel] Error: (msgtype=0x370131,name=PContent::Msg_DetachBrowsingContext) Channel error: cannot send/recv


###!!! [Parent][MessageChannel] Error: (msgtype=0x37012D,name=PContent::Msg_AsyncMessage) Channel error: cannot send/recv


###!!! [Parent][MessageChannel] Error: (msgtype=0x37012D,name=PContent::Msg_AsyncMessage) Channel error: cannot send/recv


###!!! [Parent][MessageChannel] Error: (msgtype=0x37012D,name=PContent::Msg_AsyncMessage) Channel error: cannot send/recv


###!!! [Parent][MessageChannel] Error: (msgtype=0x37012D,name=PContent::Msg_AsyncMessage) Channel error: cannot send/recv


###!!! [Parent][MessageChannel] Error: (msgtype=0x37012D,name=PContent::Msg_AsyncMessage) Channel error: cannot send/recv


###!!! [Parent][MessageChannel] Error: (msgtype=0x37012D,name=PContent::Msg_AsyncMessage) Channel error: cannot send/recv


###!!! [Parent][MessageChannel] Error: (msgtype=0x37012D,name=PContent::Msg_AsyncMessage) Channel error: cannot send/recv


###!!! [Parent][MessageChannel] Error: (msgtype=0x37012D,name=PContent::Msg_AsyncMessage) Channel error: cannot send/recv


###!!! [Parent][MessageChannel] Error: (msgtype=0x37012D,name=PContent::Msg_AsyncMessage) Channel error: cannot send/recv


###!!! [Parent][MessageChannel] Error: (msgtype=0x37012D,name=PContent::Msg_AsyncMessage) Channel error: cannot send/recv


###!!! [Parent][MessageChannel] Error: (msgtype=0x37012D,name=PContent::Msg_AsyncMessage) Channel error: cannot send/recv


###!!! [Parent][MessageChannel] Error: (msgtype=0x37012D,name=PContent::Msg_AsyncMessage) Channel error: cannot send/recv


###!!! [Parent][MessageChannel] Error: (msgtype=0x37012D,name=PContent::Msg_AsyncMessage) Channel error: cannot send/recv


###!!! [Parent][MessageChannel] Error: (msgtype=0x37012D,name=PContent::Msg_AsyncMessage) Channel error: cannot send/recv


###!!! [Parent][MessageChannel] Error: (msgtype=0x37012D,name=PContent::Msg_AsyncMessage) Channel error: cannot send/recv


###!!! [Parent][MessageChannel] Error: (msgtype=0x37012D,name=PContent::Msg_AsyncMessage) Channel error: cannot send/recv


###!!! [Parent][MessageChannel] Error: (msgtype=0x37012D,name=PContent::Msg_AsyncMessage) Channel error: cannot send/recv


###!!! [Parent][MessageChannel] Error: (msgtype=0x37012D,name=PContent::Msg_AsyncMessage) Channel error: cannot send/recv

JavaScript error: resource:///modules/sessionstore/SessionStore.jsm, line 1847: TypeError: subject.QueryInterface is not a function
JavaScript error: resource:///modules/sessionstore/SessionStore.jsm, line 1847: TypeError: subject.QueryInterface is not a function
JavaScript error: resource:///modules/sessionstore/SessionStore.jsm, line 1847: TypeError: subject.QueryInterface is not a function
JavaScript error: resource:///modules/sessionstore/SessionStore.jsm, line 1847: TypeError: subject.QueryInterface is not a function
A content process crashed and MOZ_CRASHREPORTER_SHUTDOWN is set, shutting down

###!!! [Parent][MessageChannel] Error: (msgtype=0x370034,name=PContent::Msg_UpdateSharedData) Channel error: cannot send/recv


###!!! [Parent][MessageChannel] Error: (msgtype=0x370034,name=PContent::Msg_UpdateSharedData) Channel error: cannot send/recv

JavaScript error: resource:///modules/sessionstore/SessionStore.jsm, line 1847: TypeError: subject.QueryInterface is not a function
[Parent 13980, Gecko_IOThread] WARNING: file Z:/task_1585933993/build/src/ipc/chromium/src/base/process_util_win.cc, line 166

###!!! [Child][MessageChannel::SendAndWait] Error: Channel error: cannot send/recv


###!!! [Child][MessageChannel] Error: (msgtype=0x610015,name=PLayerTransaction::Msg_ClearCachedResources) Channel error: cannot send/recv


###!!! [Child][MessageChannel] Error: (msgtype=0x9F0003,name=PTexture::Msg_Destroy) Channel error: cannot send/recv


###!!! [Child][MessageChannel] Error: (msgtype=0x9F0003,name=PTexture::Msg_Destroy) Channel error: cannot send/recv


###!!! [Child][MessageChannel] Error: (msgtype=0x610006,name=PLayerTransaction::Msg_ReleaseCompositable) Channel error: cannot send/recv


###!!! [Child][MessageChannel] Error: (msgtype=0x610005,name=PLayerTransaction::Msg_ReleaseLayer) Channel error: cannot send/recv


###!!! [Child][MessageChannel] Error: (msgtype=0x610005,name=PLayerTransaction::Msg_ReleaseLayer) Channel error: cannot send/recv


###!!! [Child][MessageChannel] Error: (msgtype=0x610005,name=PLayerTransaction::Msg_ReleaseLayer) Channel error: cannot send/recv


###!!! [Child][MessageChannel] Error: (msgtype=0x61001E,name=PLayerTransaction::Msg_Shutdown) Channel error: cannot send/recv


###!!! [Child][MessageChannel::SendAndWait] Error: (msgtype=0x34001A,name=PCompositorBridge::Msg_WillClose) Channel error: cannot send/recv


###!!! [Child][MessageChannel] Error: (msgtype=0x610015,name=PLayerTransaction::Msg_ClearCachedResources) Channel error: cannot send/recv


###!!! [Child][MessageChannel] Error: (msgtype=0x9F0003,name=PTexture::Msg_Destroy) Channel error: cannot send/recv


###!!! [Child][MessageChannel] Error: (msgtype=0x9F0003,name=PTexture::Msg_Destroy) Channel error: cannot send/recv


###!!! [Child][MessageChannel] Error: (msgtype=0x610006,name=PLayerTransaction::Msg_ReleaseCompositable) Channel error: cannot send/recv


###!!! [Child][MessageChannel] Error: (msgtype=0x610005,name=PLayerTransaction::Msg_ReleaseLayer) Channel error: cannot send/recv


###!!! [Child][MessageChannel] Error: (msgtype=0x610005,name=PLayerTransaction::Msg_ReleaseLayer) Channel error: cannot send/recv


###!!! [Child][MessageChannel] Error: (msgtype=0x610005,name=PLayerTransaction::Msg_ReleaseLayer) Channel error: cannot send/recv


###!!! [Child][MessageChannel] Error: (msgtype=0x61001E,name=PLayerTransaction::Msg_Shutdown) Channel error: cannot send/recv


###!!! [Child][MessageChannel::SendAndWait] Error: (msgtype=0x34001A,name=PCompositorBridge::Msg_WillClose) Channel error: cannot send/recv

[Parent 13980, Gecko_IOThread] WARNING: file Z:/task_1585933993/build/src/ipc/chromium/src/base/process_util_win.cc, line 166
JavaScript error: resource:///modules/ContentCrashHandlers.jsm, line 420: TypeError: browser.ownerGlobal is null

###!!! [Child][MessageChannel] Error: (msgtype=0x610015,name=PLayerTransaction::Msg_ClearCachedResources) Channel error: cannot send/recv


###!!! [Child][MessageChannel] Error: (msgtype=0x61001E,name=PLayerTransaction::Msg_Shutdown) Channel error: cannot send/recv


###!!! [Child][MessageChannel::SendAndWait] Error: (msgtype=0x34001A,name=PCompositorBridge::Msg_WillClose) Channel error: cannot send/recv

[GFX1-]: Receive IPC close with reason=AbnormalShutdown
[GFX1-]: Receive IPC close with reason=AbnormalShutdown
[GFX1-]: Receive IPC close with reason=AbnormalShutdown
[GFX1-]: Receive IPC close with reason=AbnormalShutdown
[Parent 13980, Gecko_IOThread] WARNING: file Z:/task_1585933993/build/src/ipc/chromium/src/base/process_util_win.cc, line 166

###!!! [Child][MessageChannel] Error: (msgtype=0x51001F,name=PGPU::Msg_InitComplete) Channel error: cannot send/recv


###!!! [Child][RunMessage] Error: Channel error: cannot send/recv


###!!! [Child][RunMessage] Error: Channel error: cannot send/recv

1586953253806	mozrunner::runner	INFO	Running command: "C:\\Program Files\\Mozilla Firefox\\firefox.exe" "-marionette" "-foreground" "-no-remote" "-profile" "C:\\Users\\PHILIP~1\\AppData\\Local\\Temp\\rust_mozprofile9kCKoR"
1586953254106	addons.webextension.doh-rollout@mozilla.org	WARN	Loading extension 'doh-rollout@mozilla.org': Reading manifest: Invalid extension permission: networkStatus
1586953254588	addons.webextension.screenshots@mozilla.org	WARN	Loading extension 'screenshots@mozilla.org': Reading manifest: Invalid extension permission: mozillaAddons
1586953254588	addons.webextension.screenshots@mozilla.org	WARN	Loading extension 'screenshots@mozilla.org': Reading manifest: Invalid extension permission: telemetry
1586953254588	addons.webextension.screenshots@mozilla.org	WARN	Loading extension 'screenshots@mozilla.org': Reading manifest: Invalid extension permission: resource://pdf.js/
1586953254589	addons.webextension.screenshots@mozilla.org	WARN	Loading extension 'screenshots@mozilla.org': Reading manifest: Invalid extension permission: about:reader*
JavaScript error: resource://gre/modules/XULStore.jsm, line 66: Error: Can't find profile directory.
1586953256694	Marionette	INFO	Listening on port 60612
1586953256923	Marionette	WARN	TLS certificate errors will be ignored for this session

###!!! [Child][RunMessage] Error: Channel closing: too late to send/recv, messages will be lost

1586953314987	Marionette	INFO	Stopped listening on port 60612

###!!! [Child][RunMessage] Error: Channel closing: too late to send/recv, messages will be lost


###!!! [Child][MessageChannel::SendAndWait] Error: Channel error: cannot send/recv

1586953321218	mozrunner::runner	INFO	Running command: "C:\\Program Files\\Mozilla Firefox\\firefox.exe" "-marionette" "-foreground" "-no-remote" "-profile" "C:\\Users\\PHILIP~1\\AppData\\Local\\Temp\\rust_mozprofileWTt4yP"
1586953321524	addons.webextension.doh-rollout@mozilla.org	WARN	Loading extension 'doh-rollout@mozilla.org': Reading manifest: Invalid extension permission: networkStatus
1586953321981	addons.webextension.screenshots@mozilla.org	WARN	Loading extension 'screenshots@mozilla.org': Reading manifest: Invalid extension permission: mozillaAddons
1586953321982	addons.webextension.screenshots@mozilla.org	WARN	Loading extension 'screenshots@mozilla.org': Reading manifest: Invalid extension permission: telemetry
1586953321982	addons.webextension.screenshots@mozilla.org	WARN	Loading extension 'screenshots@mozilla.org': Reading manifest: Invalid extension permission: resource://pdf.js/
1586953321982	addons.webextension.screenshots@mozilla.org	WARN	Loading extension 'screenshots@mozilla.org': Reading manifest: Invalid extension permission: about:reader*
JavaScript error: resource://gre/modules/XULStore.jsm, line 66: Error: Can't find profile directory.
1586953323706	Marionette	INFO	Listening on port 60689
1586953323847	Marionette	WARN	TLS certificate errors will be ignored for this session
1586953429335	Marionette	INFO	Stopped listening on port 60689

###!!! [Child][RunMessage] Error: Channel closing: too late to send/recv, messages will be lost


###!!! [Child][MessageChannel::SendAndWait] Error: Channel error: cannot send/recv

sion.doh-rollout@mozilla.org	WARN	Loading extension 'doh-rollout@mozilla.org': Reading manifest: Invalid extension permission: networkStatus
1586953429622	addons.webextension.screenshots@mozilla.org	WARN	Loading extension 'screenshots@mozilla.org': Reading manifest: Invalid extension permission: mozillaAddons
1586953429622	addons.webextension.screenshots@mozilla.org	WARN	Loading extension 'screenshots@mozilla.org': Reading manifest: Invalid extension permission: telemetry
1586953429622	addons.webextension.screenshots@mozilla.org	WARN	Loading extension 'screenshots@mozilla.org': Reading manifest: Invalid extension permission: resource://pdf.js/
1586953429622	addons.webextension.screenshots@mozilla.org	WARN	Loading extension 'screenshots@mozilla.org': Reading manifest: Invalid extension permission: about:reader*
JavaScript error: resource://gre/modules/XULStore.jsm, line 66: Error: Can't find profile directory.
1586953431516	Marionette	INFO	Listening on port 60769
1586953431657	Marionette	WARN	TLS certificate errors will be ignored for this session
console.warn: LoginRecipes: "getRecipes: falling back to a synchronous message for:" "https://www.instagram.com"
console.warn: LoginRecipes: "getRecipes: falling back to a synchronous message for:" "https://www.instagram.com"
JavaScript error: resource://devtools/server/actors/network-monitor/network-response-listener.js, line 84: NS_ERROR_FAILURE: Component returned failure code: 0x80004005 (NS_ERROR_FAILURE) [nsIInterfaceRequestor.getInterface]
console.error: (new TypeError("parent is null", "resource://devtools/client/inspector/shared/style-change-tracker.js", 67))
TypeError: parent is null: canMutationImpactCurrentStyles@resource://devtools/client/inspector/shared/style-change-tracker.js:67:24
onMutations@resource://devtools/client/inspector/shared/style-change-tracker.js:84:41
_emit@resource://devtools/shared/event-emitter.js:226:34
emit@resource://devtools/shared/event-emitter.js:172:18
emit@resource://devtools/shared/event-emitter.js:324:18
getMutations@resource://devtools/shared/fronts/walker.js:411:10

1586956805256	Marionette	INFO	Stopped listening on port 60769

###!!! [Child][RunMessage] Error: Channel closing: too late to send/recv, messages will be lost


###!!! [Child][MessageChannel::SendAndWait] Error: Channel error: cannot send/recv

sion.doh-rollout@mozilla.org	WARN	Loading extension 'doh-rollout@mozilla.org': Reading manifest: Invalid extension permission: networkStatus
1586956800931	addons.webextension.screenshots@mozilla.org	WARN	Loading extension 'screenshots@mozilla.org': Reading manifest: Invalid extension permission: mozillaAddons
1586956800931	addons.webextension.screenshots@mozilla.org	WARN	Loading extension 'screenshots@mozilla.org': Reading manifest: Invalid extension permission: telemetry
1586956800932	addons.webextension.screenshots@mozilla.org	WARN	Loading extension 'screenshots@mozilla.org': Reading manifest: Invalid extension permission: resource://pdf.js/
1586956800932	addons.webextension.screenshots@mozilla.org	WARN	Loading extension 'screenshots@mozilla.org': Reading manifest: Invalid extension permission: about:reader*
JavaScript error: resource://gre/modules/XULStore.jsm, line 66: Error: Can't find profile directory.
1586956803088	Marionette	INFO	Listening on port 61140
1586956803288	Marionette	WARN	TLS certificate errors will be ignored for this session
1586956830178	Marionette	INFO	Stopped listening on port 61140

###!!! [Child][RunMessage] Error: Channel closing: too late to send/recv, messages will be lost


###!!! [Child][MessageChannel::SendAndWait] Error: Channel error: cannot send/recv

1586956847170	mozrunner::runner	INFO	Running command: "C:\\Program Files\\Mozilla Firefox\\firefox.exe" "-marionette" "-foreground" "-no-remote" "-profile" "C:\\Users\\PHILIP~1\\AppData\\Local\\Temp\\rust_mozprofileHuS7YQ"
1586956847463	addons.webextension.doh-rollout@mozilla.org	WARN	Loading extension 'doh-rollout@mozilla.org': Reading manifest: Invalid extension permission: networkStatus
1586956847919	addons.webextension.screenshots@mozilla.org	WARN	Loading extension 'screenshots@mozilla.org': Reading manifest: Invalid extension permission: mozillaAddons
1586956847919	addons.webextension.screenshots@mozilla.org	WARN	Loading extension 'screenshots@mozilla.org': Reading manifest: Invalid extension permission: telemetry
1586956847919	addons.webextension.screenshots@mozilla.org	WARN	Loading extension 'screenshots@mozilla.org': Reading manifest: Invalid extension permission: resource://pdf.js/
1586956847919	addons.webextension.screenshots@mozilla.org	WARN	Loading extension 'screenshots@mozilla.org': Reading manifest: Invalid extension permission: about:reader*
JavaScript error: resource://gre/modules/XULStore.jsm, line 66: Error: Can't find profile directory.
1586956850051	Marionette	INFO	Listening on port 61196
1586956850284	Marionette	WARN	TLS certificate errors will be ignored for this session
IPDL protocol error: Handler returned error code!

###!!! [Parent][DispatchAsyncMessage] Error: PLayerTransaction::Msg_ReleaseLayer Processing error: message was deserialized, but the handler returned false (indicating failure)

IPDL protocol error: Handler returned error code!

###!!! [Parent][DispatchAsyncMessage] Error: PLayerTransaction::Msg_ReleaseLayer Processing error: message was deserialized, but the handler returned false (indicating failure)

IPDL protocol error: Handler returned error code!

###!!! [Parent][DispatchAsyncMessage] Error: PLayerTransaction::Msg_ReleaseLayer Processing error: message was deserialized, but the handler returned false (indicating failure)

IPDL protocol error: Handler returned error code!

###!!! [Parent][DispatchAsyncMessage] Error: PLayerTransaction::Msg_ReleaseLayer Processing error: message was deserialized, but the handler returned false (indicating failure)

JavaScript error: https://www.instagram.com/static/bundles/es6/ConsumerLibCommons.js/a679e537e567.js, line 190: NS_ERROR_NOT_INITIALIZED: 
JavaScript error: https://www.instagram.com/static/bundles/es6/ConsumerLibCommons.js/a679e537e567.js, line 190: NS_ERROR_NOT_INITIALIZED: 
JavaScript error: https://www.instagram.com/static/bundles/es6/ConsumerLibCommons.js/a679e537e567.js, line 190: NS_ERROR_NOT_INITIALIZED: 
JavaScript error: https://www.instagram.com/static/bundles/es6/ConsumerLibCommons.js/a679e537e567.js, line 190: NS_ERROR_NOT_INITIALIZED: 
1586956972477	Marionette	INFO	Stopped listening on port 61196

###!!! [Child][RunMessage] Error: Channel closing: too late to send/recv, messages will be lost


###!!! [Child][MessageChannel::SendAndWait] Error: Channel error: cannot send/recv

1586956978890	mozrunner::runner	INFO	Running command: "C:\\Program Files\\Mozilla Firefox\\firefox.exe" "-marionette" "-foreground" "-no-remote" "-profile" "C:\\Users\\PHILIP~1\\AppData\\Local\\Temp\\rust_mozprofileMFUn3E"
1586956979183	addons.webextension.doh-rollout@mozilla.org	WARN	Loading extension 'doh-rollout@mozilla.org': Reading manifest: Invalid extension permission: networkStatus
1586956979643	addons.webextension.screenshots@mozilla.org	WARN	Loading extension 'screenshots@mozilla.org': Reading manifest: Invalid extension permission: mozillaAddons
1586956979643	addons.webextension.screenshots@mozilla.org	WARN	Loading extension 'screenshots@mozilla.org': Reading manifest: Invalid extension permission: telemetry
1586956979643	addons.webextension.screenshots@mozilla.org	WARN	Loading extension 'screenshots@mozilla.org': Reading manifest: Invalid extension permission: resource://pdf.js/
1586956979644	addons.webextension.screenshots@mozilla.org	WARN	Loading extension 'screenshots@mozilla.org': Reading manifest: Invalid extension permission: about:reader*
JavaScript error: resource://gre/modules/XULStore.jsm, line 66: Error: Can't find profile directory.
1586956981649	Marionette	INFO	Listening on port 61293
1586956982003	Marionette	WARN	TLS certificate errors will be ignored for this session
1586957190030	mozrunner::runner	INFO	Running command: "C:\\Program Files\\Mozilla Firefox\\firefox.exe" "-marionette" "-foreground" "-no-remote" "-profile" "C:\\Users\\PHILIP~1\\AppData\\Local\\Temp\\rust_mozprofileP2Relh"
1586957190441	addons.webextension.doh-rollout@mozilla.org	WARN	Loading extension 'doh-rollout@mozilla.org': Reading manifest: Invalid extension permission: networkStatus
1586957191061	addons.webextension.screenshots@mozilla.org	WARN	Loading extension 'screenshots@mozilla.org': Reading manifest: Invalid extension permission: mozillaAddons
1586957191062	addons.webextension.screenshots@mozilla.org	WARN	Loading extension 'screenshots@mozilla.org': Reading manifest: Invalid extension permission: telemetry
1586957191062	addons.webextension.screenshots@mozilla.org	WARN	Loading extension 'screenshots@mozilla.org': Reading manifest: Invalid extension permission: resource://pdf.js/
1586957191062	addons.webextension.screenshots@mozilla.org	WARN	Loading extension 'screenshots@mozilla.org': Reading manifest: Invalid extension permission: about:reader*
JavaScript error: resource://gre/modules/XULStore.jsm, line 66: Error: Can't find profile directory.
1586957192895	Marionette	INFO	Listening on port 61389
1586957193146	Marionette	WARN	TLS certificate errors will be ignored for this session
1586957393281	Marionette	INFO	Stopped listening on port 61389

###!!! [Child][RunMessage] Error: Channel closing: too late to send/recv, messages will be lost


###!!! [Child][MessageChannel::SendAndWait] Error: Channel error: cannot send/recv

1586957400236	mozrunner::runner	INFO	Running command: "C:\\Program Files\\Mozilla Firefox\\firefox.exe" "-marionette" "-foreground" "-no-remote" "-profile" "C:\\Users\\PHILIP~1\\AppData\\Local\\Temp\\rust_mozprofileLqgMeX"
1586957400699	addons.webextension.doh-rollout@mozilla.org	WARN	Loading extension 'doh-rollout@mozilla.org': Reading manifest: Invalid extension permission: networkStatus
1586957401169	addons.webextension.screenshots@mozilla.org	WARN	Loading extension 'screenshots@mozilla.org': Reading manifest: Invalid extension permission: mozillaAddons
1586957401170	addons.webextension.screenshots@mozilla.org	WARN	Loading extension 'screenshots@mozilla.org': Reading manifest: Invalid extension permission: telemetry
1586957401170	addons.webextension.screenshots@mozilla.org	WARN	Loading extension 'screenshots@mozilla.org': Reading manifest: Invalid extension permission: resource://pdf.js/
1586957401170	addons.webextension.screenshots@mozilla.org	WARN	Loading extension 'screenshots@mozilla.org': Reading manifest: Invalid extension permission: about:reader*
JavaScript error: resource://gre/modules/XULStore.jsm, line 66: Error: Can't find profile directory.
1586957403574	Marionette	INFO	Listening on port 61526
1586957403848	Marionette	WARN	TLS certificate errors will be ignored for this session
console.warn: LoginRecipes: "getRecipes: falling back to a synchronous message for:" "https://www.instagram.com"
1586957732301	mozrunner::runner	INFO	Running command: "C:\\Program Files\\Mozilla Firefox\\firefox.exe" "-marionette" "-foreground" "-no-remote" "-profile" "C:\\Users\\PHILIP~1\\AppData\\Local\\Temp\\rust_mozprofilezch4Ky"
1586957732694	addons.webextension.doh-rollout@mozilla.org	WARN	Loading extension 'doh-rollout@mozilla.org': Reading manifest: Invalid extension permission: networkStatus
1586957733292	addons.webextension.screenshots@mozilla.org	WARN	Loading extension 'screenshots@mozilla.org': Reading manifest: Invalid extension permission: mozillaAddons
1586957733292	addons.webextension.screenshots@mozilla.org	WARN	Loading extension 'screenshots@mozilla.org': Reading manifest: Invalid extension permission: telemetry
1586957733293	addons.webextension.screenshots@mozilla.org	WARN	Loading extension 'screenshots@mozilla.org': Reading manifest: Invalid extension permission: resource://pdf.js/
1586957733293	addons.webextension.screenshots@mozilla.org	WARN	Loading extension 'screenshots@mozilla.org': Reading manifest: Invalid extension permission: about:reader*
JavaScript error: resource://gre/modules/XULStore.jsm, line 66: Error: Can't find profile directory.
1586957735689	Marionette	INFO	Listening on port 61640
1586957735929	Marionette	WARN	TLS certificate errors will be ignored for this session
JavaScript error: https://www.instagram.com/static/bundles/es6/Consumer.js/6b3b4cab1784.js, line 303: TypeError: this.props is undefined
IPDL protocol error: Handler returned error code!

###!!! [Parent][DispatchAsyncMessage] Error: PLayerTransaction::Msg_ReleaseLayer Processing error: message was deserialized, but the handler returned false (indicating failure)

IPDL protocol error: Handler returned error code!

###!!! [Parent][DispatchAsyncMessage] Error: PLayerTransaction::Msg_ReleaseLayer Processing error: message was deserialized, but the handler returned false (indicating failure)

1586957939468	Marionette	INFO	Stopped listening on port 61640

###!!! [Child][RunMessage] Error: Channel closing: too late to send/recv, messages will be lost


###!!! [Child][MessageChannel::SendAndWait] Error: Channel error: cannot send/recv

1586957967266	mozrunner::runner	INFO	Running command: "C:\\Program Files\\Mozilla Firefox\\firefox.exe" "-marionette" "-foreground" "-no-remote" "-profile" "C:\\Users\\PHILIP~1\\AppData\\Local\\Temp\\rust_mozprofiletBM2fS"
1586957967558	addons.webextension.doh-rollout@mozilla.org	WARN	Loading extension 'doh-rollout@mozilla.org': Reading manifest: Invalid extension permission: networkStatus
1586957968014	addons.webextension.screenshots@mozilla.org	WARN	Loading extension 'screenshots@mozilla.org': Reading manifest: Invalid extension permission: mozillaAddons
1586957968014	addons.webextension.screenshots@mozilla.org	WARN	Loading extension 'screenshots@mozilla.org': Reading manifest: Invalid extension permission: telemetry
1586957968015	addons.webextension.screenshots@mozilla.org	WARN	Loading extension 'screenshots@mozilla.org': Reading manifest: Invalid extension permission: resource://pdf.js/
1586957968015	addons.webextension.screenshots@mozilla.org	WARN	Loading extension 'screenshots@mozilla.org': Reading manifest: Invalid extension permission: about:reader*
JavaScript error: resource://gre/modules/XULStore.jsm, line 66: Error: Can't find profile directory.
1586957969936	Marionette	INFO	Listening on port 61741
1586957970379	Marionette	WARN	TLS certificate errors will be ignored for this session
1586957973043	Marionette	INFO	Stopped listening on port 61741

###!!! [Child][RunMessage] Error: Channel closing: too late to send/recv, messages will be lost


###!!! [Child][MessageChannel::SendAndWait] Error: Channel error: cannot send/recv

1586958013388	mozrunner::runner	INFO	Running command: "C:\\Program Files\\Mozilla Firefox\\firefox.exe" "-marionette" "-foreground" "-no-remote" "-profile" "C:\\Users\\PHILIP~1\\AppData\\Local\\Temp\\rust_mozprofileSVWKz5"
1586958013678	addons.webextension.doh-rollout@mozilla.org	WARN	Loading extension 'doh-rollout@mozilla.org': Reading manifest: Invalid extension permission: networkStatus
1586958014136	addons.webextension.screenshots@mozilla.org	WARN	Loading extension 'screenshots@mozilla.org': Reading manifest: Invalid extension permission: mozillaAddons
1586958014137	addons.webextension.screenshots@mozilla.org	WARN	Loading extension 'screenshots@mozilla.org': Reading manifest: Invalid extension permission: telemetry
1586958014137	addons.webextension.screenshots@mozilla.org	WARN	Loading extension 'screenshots@mozilla.org': Reading manifest: Invalid extension permission: resource://pdf.js/
1586958014137	addons.webextension.screenshots@mozilla.org	WARN	Loading extension 'screenshots@mozilla.org': Reading manifest: Invalid extension permission: about:reader*
JavaScript error: resource://gre/modules/XULStore.jsm, line 66: Error: Can't find profile directory.
1586958015870	Marionette	INFO	Listening on port 61789
1586958015997	Marionette	WARN	TLS certificate errors will be ignored for this session
1586958042818	Marionette	INFO	Stopped listening on port 61789

###!!! [Child][RunMessage] Error: Channel closing: too late to send/recv, messages will be lost


###!!! [Child][MessageChannel::SendAndWait] Error: Channel error: cannot send/recv

1586958051851	mozrunner::runner	INFO	Running command: "C:\\Program Files\\Mozilla Firefox\\firefox.exe" "-marionette" "-foreground" "-no-remote" "-profile" "C:\\Users\\PHILIP~1\\AppData\\Local\\Temp\\rust_mozprofileAHN2W6"
1586958052190	addons.webextension.doh-rollout@mozilla.org	WARN	Loading extension 'doh-rollout@mozilla.org': Reading manifest: Invalid extension permission: networkStatus
1586958052821	addons.webextension.screenshots@mozilla.org	WARN	Loading extension 'screenshots@mozilla.org': Reading manifest: Invalid extension permission: mozillaAddons
1586958052821	addons.webextension.screenshots@mozilla.org	WARN	Loading extension 'screenshots@mozilla.org': Reading manifest: Invalid extension permission: telemetry
1586958052822	addons.webextension.screenshots@mozilla.org	WARN	Loading extension 'screenshots@mozilla.org': Reading manifest: Invalid extension permission: resource://pdf.js/
1586958052822	addons.webextension.screenshots@mozilla.org	WARN	Loading extension 'screenshots@mozilla.org': Reading manifest: Invalid extension permission: about:reader*
JavaScript error: resource://gre/modules/XULStore.jsm, line 66: Error: Can't find profile directory.
1586958055528	Marionette	INFO	Listening on port 61848
1586958055963	Marionette	WARN	TLS certificate errors will be ignored for this session
console.error: (new TypeError("container.node.targetFront is null", "resource://devtools/client/inspector/markup/markup.js", 2243))
console.error: (new TypeError("container.node.targetFront is null", "resource://devtools/client/inspector/markup/markup.js", 2243))
JavaScript warning: https://www.instagram.com/static/bundles/es6/ConsumerUICommons.js/ec8684fef22c.js, line 7: Script terminated by timeout at:
setItemGuarded@https://www.instagram.com/static/bundles/es6/ConsumerUICommons.js/ec8684fef22c.js:7:857
$WebStorageMutex2@https://www.instagram.com/static/bundles/es6/ConsumerUICommons.js/ec8684fef22c.js:32:382
lock@https://www.instagram.com/static/bundles/es6/ConsumerUICommons.js/ec8684fef22c.js:32:587
restore@https://www.instagram.com/static/bundles/es6/ConsumerLibCommons.js/a679e537e567.js:84:1689
h@https://www.instagram.com/static/bundles/es6/ConsumerLibCommons.js/a679e537e567.js:84:2090
v@https://www.instagram.com/static/bundles/es6/ConsumerUICommons.js/ec8684fef22c.js:31:187

console.error: (new TypeError("currentNode is null", "resource://devtools/client/inspector/shared/style-change-tracker.js", 66))
TypeError: currentNode is null: canMutationImpactCurrentStyles@resource://devtools/client/inspector/shared/style-change-tracker.js:66:20
onMutations@resource://devtools/client/inspector/shared/style-change-tracker.js:84:41
_emit@resource://devtools/shared/event-emitter.js:226:34
emit@resource://devtools/shared/event-emitter.js:172:18
emit@resource://devtools/shared/event-emitter.js:324:18
getMutations@resource://devtools/shared/fronts/walker.js:411:10

JavaScript error: https://www.instagram.com/static/bundles/es6/Consumer.js/6b3b4cab1784.js, line 303: TypeError: this.props is undefined
JavaScript error: resource://devtools/server/actors/stylesheets.js, line 392: TypeError: this.ownerNode is null
JavaScript error: resource://devtools/server/actors/stylesheets.js, line 392: TypeError: this.ownerNode is null
JavaScript error: resource://devtools/server/actors/network-monitor/network-response-listener.js, line 84: NS_ERROR_FAILURE: Component returned failure code: 0x80004005 (NS_ERROR_FAILURE) [nsIInterfaceRequestor.getInterface]
1586958513016	Marionette	INFO	Stopped listening on port 61848

###!!! [Child][RunMessage] Error: Channel closing: too late to send/recv, messages will be lost


###!!! [Child][MessageChannel::SendAndWait] Error: Channel error: cannot send/recv

sion.doh-rollout@mozilla.org	WARN	Loading extension 'doh-rollout@mozilla.org': Reading manifest: Invalid extension permission: networkStatus
1586958513195	addons.webextension.screenshots@mozilla.org	WARN	Loading extension 'screenshots@mozilla.org': Reading manifest: Invalid extension permission: mozillaAddons
1586958513195	addons.webextension.screenshots@mozilla.org	WARN	Loading extension 'screenshots@mozilla.org': Reading manifest: Invalid extension permission: telemetry
1586958513196	addons.webextension.screenshots@mozilla.org	WARN	Loading extension 'screenshots@mozilla.org': Reading manifest: Invalid extension permission: resource://pdf.js/
1586958513196	addons.webextension.screenshots@mozilla.org	WARN	Loading extension 'screenshots@mozilla.org': Reading manifest: Invalid extension permission: about:reader*
JavaScript error: resource://gre/modules/XULStore.jsm, line 66: Error: Can't find profile directory.
1586958516448	Marionette	INFO	Listening on port 62001
1586958516851	Marionette	WARN	TLS certificate errors will be ignored for this session
1586958857823	Marionette	INFO	Stopped listening on port 62001

###!!! [Child][RunMessage] Error: Channel closing: too late to send/recv, messages will be lost


###!!! [Child][MessageChannel::SendAndWait] Error: Channel error: cannot send/recv

sion.doh-rollout@mozilla.org	WARN	Loading extension 'doh-rollout@mozilla.org': Reading manifest: Invalid extension permission: networkStatus
1586958758809	addons.webextension.screenshots@mozilla.org	WARN	Loading extension 'screenshots@mozilla.org': Reading manifest: Invalid extension permission: mozillaAddons
1586958758810	addons.webextension.screenshots@mozilla.org	WARN	Loading extension 'screenshots@mozilla.org': Reading manifest: Invalid extension permission: telemetry
1586958758810	addons.webextension.screenshots@mozilla.org	WARN	Loading extension 'screenshots@mozilla.org': Reading manifest: Invalid extension permission: resource://pdf.js/
1586958758810	addons.webextension.screenshots@mozilla.org	WARN	Loading extension 'screenshots@mozilla.org': Reading manifest: Invalid extension permission: about:reader*
JavaScript error: resource://gre/modules/XULStore.jsm, line 66: Error: Can't find profile directory.
1586958760979	Marionette	INFO	Listening on port 62148
1586958761129	Marionette	WARN	TLS certificate errors will be ignored for this session
1586958858521	Marionette	INFO	Stopped listening on port 62148

###!!! [Child][RunMessage] Error: Channel closing: too late to send/recv, messages will be lost


###!!! [Child][MessageChannel::SendAndWait] Error: Channel error: cannot send/recv

sion.doh-rollout@mozilla.org	WARN	Loading extension 'doh-rollout@mozilla.org': Reading manifest: Invalid extension permission: networkStatus
1586958858337	addons.webextension.screenshots@mozilla.org	WARN	Loading extension 'screenshots@mozilla.org': Reading manifest: Invalid extension permission: mozillaAddons
1586958858337	addons.webextension.screenshots@mozilla.org	WARN	Loading extension 'screenshots@mozilla.org': Reading manifest: Invalid extension permission: telemetry
1586958858338	addons.webextension.screenshots@mozilla.org	WARN	Loading extension 'screenshots@mozilla.org': Reading manifest: Invalid extension permission: resource://pdf.js/
1586958858338	addons.webextension.screenshots@mozilla.org	WARN	Loading extension 'screenshots@mozilla.org': Reading manifest: Invalid extension permission: about:reader*
JavaScript error: resource://gre/modules/XULStore.jsm, line 66: Error: Can't find profile directory.
1586958860155	Marionette	INFO	Listening on port 62203
1586958860423	Marionette	WARN	TLS certificate errors will be ignored for this session
1586958981090	Marionette	INFO	Stopped listening on port 62203

###!!! [Child][RunMessage] Error: Channel closing: too late to send/recv, messages will be lost


###!!! [Child][MessageChannel::SendAndWait] Error: Channel error: cannot send/recv

sion.doh-rollout@mozilla.org	WARN	Loading extension 'doh-rollout@mozilla.org': Reading manifest: Invalid extension permission: networkStatus
1586958976670	addons.webextension.screenshots@mozilla.org	WARN	Loading extension 'screenshots@mozilla.org': Reading manifest: Invalid extension permission: mozillaAddons
1586958976670	addons.webextension.screenshots@mozilla.org	WARN	Loading extension 'screenshots@mozilla.org': Reading manifest: Invalid extension permission: telemetry
1586958976670	addons.webextension.screenshots@mozilla.org	WARN	Loading extension 'screenshots@mozilla.org': Reading manifest: Invalid extension permission: resource://pdf.js/
1586958976670	addons.webextension.screenshots@mozilla.org	WARN	Loading extension 'screenshots@mozilla.org': Reading manifest: Invalid extension permission: about:reader*
JavaScript error: resource://gre/modules/XULStore.jsm, line 66: Error: Can't find profile directory.
1586958979739	Marionette	INFO	Listening on port 62274
1586958980023	Marionette	WARN	TLS certificate errors will be ignored for this session
1586959738197	mozrunner::runner	INFO	Running command: "C:\\Program Files\\Mozilla Firefox\\firefox.exe" "-marionette" "-foreground" "-no-remote" "-profile" "C:\\Users\\PHILIP~1\\AppData\\Local\\Temp\\rust_mozprofile36adn4"
1586959738684	addons.webextension.doh-rollout@mozilla.org	WARN	Loading extension 'doh-rollout@mozilla.org': Reading manifest: Invalid extension permission: networkStatus
1586959739609	addons.webextension.screenshots@mozilla.org	WARN	Loading extension 'screenshots@mozilla.org': Reading manifest: Invalid extension permission: mozillaAddons
1586959739609	addons.webextension.screenshots@mozilla.org	WARN	Loading extension 'screenshots@mozilla.org': Reading manifest: Invalid extension permission: telemetry
1586959739610	addons.webextension.screenshots@mozilla.org	WARN	Loading extension 'screenshots@mozilla.org': Reading manifest: Invalid extension permission: resource://pdf.js/
1586959739610	addons.webextension.screenshots@mozilla.org	WARN	Loading extension 'screenshots@mozilla.org': Reading manifest: Invalid extension permission: about:reader*
JavaScript error: resource://gre/modules/XULStore.jsm, line 66: Error: Can't find profile directory.
1586959742834	Marionette	INFO	Listening on port 54899
1586959742925	Marionette	WARN	TLS certificate errors will be ignored for this session
1586959790274	mozrunner::runner	INFO	Running command: "C:\\Program Files\\Mozilla Firefox\\firefox.exe" "-marionette" "-foreground" "-no-remote" "-profile" "C:\\Users\\PHILIP~1\\AppData\\Local\\Temp\\rust_mozprofile9824kS"
1586959790576	addons.webextension.doh-rollout@mozilla.org	WARN	Loading extension 'doh-rollout@mozilla.org': Reading manifest: Invalid extension permission: networkStatus
1586959791040	addons.webextension.screenshots@mozilla.org	WARN	Loading extension 'screenshots@mozilla.org': Reading manifest: Invalid extension permission: mozillaAddons
1586959791041	addons.webextension.screenshots@mozilla.org	WARN	Loading extension 'screenshots@mozilla.org': Reading manifest: Invalid extension permission: telemetry
1586959791041	addons.webextension.screenshots@mozilla.org	WARN	Loading extension 'screenshots@mozilla.org': Reading manifest: Invalid extension permission: resource://pdf.js/
1586959791041	addons.webextension.screenshots@mozilla.org	WARN	Loading extension 'screenshots@mozilla.org': Reading manifest: Invalid extension permission: about:reader*
JavaScript error: resource://gre/modules/XULStore.jsm, line 66: Error: Can't find profile directory.
1586959792773	Marionette	INFO	Listening on port 54971
1586959792893	Marionette	WARN	TLS certificate errors will be ignored for this session
IPDL protocol error: Handler returned error code!

###!!! [Parent][DispatchAsyncMessage] Error: PLayerTransaction::Msg_ReleaseLayer Processing error: message was deserialized, but the handler returned false (indicating failure)

1586959900295	Marionette	INFO	Stopped listening on port 54971

###!!! [Child][RunMessage] Error: Channel closing: too late to send/recv, messages will be lost


###!!! [Child][MessageChannel::SendAndWait] Error: Channel error: cannot send/recv

ts@mozilla.org': Reading manifest: Invalid extension permission: mozillaAddons
1586959895422	addons.webextension.screenshots@mozilla.org	WARN	Loading extension 'screenshots@mozilla.org': Reading manifest: Invalid extension permission: telemetry
1586959895422	addons.webextension.screenshots@mozilla.org	WARN	Loading extension 'screenshots@mozilla.org': Reading manifest: Invalid extension permission: resource://pdf.js/
1586959895423	addons.webextension.screenshots@mozilla.org	WARN	Loading extension 'screenshots@mozilla.org': Reading manifest: Invalid extension permission: about:reader*
JavaScript error: resource://gre/modules/XULStore.jsm, line 66: Error: Can't find profile directory.
1586959897570	Marionette	INFO	Listening on port 55043
1586959897786	Marionette	WARN	TLS certificate errors will be ignored for this session
1586960081852	Marionette	INFO	Stopped listening on port 55043

###!!! [Child][RunMessage] Error: Channel closing: too late to send/recv, messages will be lost


###!!! [Child][MessageChannel::SendAndWait] Error: Channel error: cannot send/recv

sion.doh-rollout@mozilla.org	WARN	Loading extension 'doh-rollout@mozilla.org': Reading manifest: Invalid extension permission: networkStatus
1586959964030	addons.webextension.screenshots@mozilla.org	WARN	Loading extension 'screenshots@mozilla.org': Reading manifest: Invalid extension permission: mozillaAddons
1586959964030	addons.webextension.screenshots@mozilla.org	WARN	Loading extension 'screenshots@mozilla.org': Reading manifest: Invalid extension permission: telemetry
1586959964030	addons.webextension.screenshots@mozilla.org	WARN	Loading extension 'screenshots@mozilla.org': Reading manifest: Invalid extension permission: resource://pdf.js/
1586959964030	addons.webextension.screenshots@mozilla.org	WARN	Loading extension 'screenshots@mozilla.org': Reading manifest: Invalid extension permission: about:reader*
JavaScript error: resource://gre/modules/XULStore.jsm, line 66: Error: Can't find profile directory.
1586959966392	Marionette	INFO	Listening on port 55127
1586959966732	Marionette	WARN	TLS certificate errors will be ignored for this session
1586960231770	Marionette	INFO	Stopped listening on port 55127

###!!! [Child][RunMessage] Error: Channel closing: too late to send/recv, messages will be lost


###!!! [Child][MessageChannel::SendAndWait] Error: Channe1586960232060	addons.webextension.doh-rollout@mozilla.org	WARN	Loading extension 'doh-rollout@mozilla.org': Reading manifest: Invalid extension permission: networkStatus
1586960232664	addons.webextension.screenshots@mozilla.org	WARN	Loading extension 'screenshots@mozilla.org': Reading manifest: Invalid extension permission: mozillaAddons
1586960232664	addons.webextension.screenshots@mozilla.org	WARN	Loading extension 'screenshots@mozilla.org': Reading manifest: Invalid extension permission: telemetry
1586960232664	addons.webextension.screenshots@mozilla.org	WARN	Loading extension 'screenshots@mozilla.org': Reading manifest: Invalid extension permission: resource://pdf.js/
1586960232664	addons.webextension.screenshots@mozilla.org	WARN	Loading extension 'screenshots@mozilla.org': Reading manifest: Invalid extension permission: about:reader*
JavaScript error: resource://gre/modules/XULStore.jsm, line 66: Error: Can't find profile directory.
1586960235828	Marionette	INFO	Listening on port 55279
1586960236109	Marionette	WARN	TLS certificate errors will be ignored for this session
1586960678996	Marionette	INFO	Stopped listening on port 55279

###!!! [Child][RunMessage] Error: Channel closing: too late to send/recv, messages will be lost


###!!! [Child][MessageChannel::SendAndWait] Error: Channel error: cannot send/recv

sion.doh-rollout@mozilla.org	WARN	Loading extension 'doh-rollout@mozilla.org': Reading manifest: Invalid extension permission: networkStatus
1586960673475	addons.webextension.screenshots@mozilla.org	WARN	Loading extension 'screenshots@mozilla.org': Reading manifest: Invalid extension permission: mozillaAddons
1586960673475	addons.webextension.screenshots@mozilla.org	WARN	Loading extension 'screenshots@mozilla.org': Reading manifest: Invalid extension permission: telemetry
1586960673475	addons.webextension.screenshots@mozilla.org	WARN	Loading extension 'screenshots@mozilla.org': Reading manifest: Invalid extension permission: resource://pdf.js/
1586960673476	addons.webextension.screenshots@mozilla.org	WARN	Loading extension 'screenshots@mozilla.org': Reading manifest: Invalid extension permission: about:reader*
JavaScript error: resource://gre/modules/XULStore.jsm, line 66: Error: Can't find profile directory.
1586960675578	Marionette	INFO	Listening on port 55402
1586960675833	Marionette	WARN	TLS certificate errors will be ignored for this session
1586961434156	Marionette	INFO	Stopped listening on port 55402

###!!! [Child][MessageChannel::SendAndWait] Error: Channel error: cannot send/recv

ile" "C:\\Users\\PHILIP~1\\AppData\\Local\\Temp\\rust_mozprofileCkWNCq"
1586961426536	addons.webextension.doh-rollout@mozilla.org	WARN	Loading extension 'doh-rollout@mozilla.org': Reading manifest: Invalid extension permission: networkStatus
1586961426999	addons.webextension.screenshots@mozilla.org	WARN	Loading extension 'screenshots@mozilla.org': Reading manifest: Invalid extension permission: mozillaAddons
1586961426999	addons.webextension.screenshots@mozilla.org	WARN	Loading extension 'screenshots@mozilla.org': Reading manifest: Invalid extension permission: telemetry
1586961426999	addons.webextension.screenshots@mozilla.org	WARN	Loading extension 'screenshots@mozilla.org': Reading manifest: Invalid extension permission: resource://pdf.js/
1586961426999	addons.webextension.screenshots@mozilla.org	WARN	Loading extension 'screenshots@mozilla.org': Reading manifest: Invalid extension permission: about:reader*
JavaScript error: resource://gre/modules/XULStore.jsm, line 66: Error: Can't find profile directory.
1586961429146	Marionette	INFO	Listening on port 55562
1586961429356	Marionette	WARN	TLS certificate errors will be ignored for this session
1586961496624	Marionette	INFO	Stopped listening on port 55562

###!!! [Child][RunMessage] Error: Channel closing: too late to send/recv, messages will be lost


###!!! [Child][MessageChannel::SendAndWait] Error: Channel error: cannot send/recv

1586962600473	mozrunner::runner	INFO	Running command: "C:\\Program Files\\Mozilla Firefox\\firefox.exe" "-marionette" "-foreground" "-no-remote" "-profile" "C:\\Users\\PHILIP~1\\AppData\\Local\\Temp\\rust_mozprofileAvVFOj"
1586962600764	addons.webextension.doh-rollout@mozilla.org	WARN	Loading extension 'doh-rollout@mozilla.org': Reading manifest: Invalid extension permission: networkStatus
1586962601223	addons.webextension.screenshots@mozilla.org	WARN	Loading extension 'screenshots@mozilla.org': Reading manifest: Invalid extension permission: mozillaAddons
1586962601224	addons.webextension.screenshots@mozilla.org	WARN	Loading extension 'screenshots@mozilla.org': Reading manifest: Invalid extension permission: telemetry
1586962601224	addons.webextension.screenshots@mozilla.org	WARN	Loading extension 'screenshots@mozilla.org': Reading manifest: Invalid extension permission: resource://pdf.js/
1586962601225	addons.webextension.screenshots@mozilla.org	WARN	Loading extension 'screenshots@mozilla.org': Reading manifest: Invalid extension permission: about:reader*
JavaScript error: resource://gre/modules/XULStore.jsm, line 66: Error: Can't find profile directory.
1586962603301	Marionette	INFO	Listening on port 55738
1586962603587	Marionette	WARN	TLS certificate errors will be ignored for this session
IPDL protocol error: Handler returned error code!

###!!! [Parent][DispatchAsyncMessage] Error: PLayerTransaction::Msg_ReleaseLayer Processing error: message was deserialized, but the handler returned false (indicating failure)

1586962672978	Marionette	INFO	Stopped listening on port 55738

###!!! [Child][RunMessage] Error: Channel closing: too late to send/recv, messages will be lost


###!!! [Child][MessageChannel::SendAndWait] Error: Channel error: cannot send/recv

ts@mozilla.org': Reading manifest: Invalid extension permission: mozillaAddons
1586962654903	addons.webextension.screenshots@mozilla.org	WARN	Loading extension 'screenshots@mozilla.org': Reading manifest: Invalid extension permission: telemetry
1586962654903	addons.webextension.screenshots@mozilla.org	WARN	Loading extension 'screenshots@mozilla.org': Reading manifest: Invalid extension permission: resource://pdf.js/
1586962654903	addons.webextension.screenshots@mozilla.org	WARN	Loading extension 'screenshots@mozilla.org': Reading manifest: Invalid extension permission: about:reader*
JavaScript error: resource://gre/modules/XULStore.jsm, line 66: Error: Can't find profile directory.
1586962657095	Marionette	INFO	Listening on port 55797
1586962657585	Marionette	WARN	TLS certificate errors will be ignored for this session
console.error: (new TypeError("parent is null", "resource://devtools/client/inspector/shared/style-change-tracker.js", 67))
TypeError: parent is null: canMutationImpactCurrentStyles@resource://devtools/client/inspector/shared/style-change-tracker.js:67:24
onMutations@resource://devtools/client/inspector/shared/style-change-tracker.js:84:41
_emit@resource://devtools/shared/event-emitter.js:226:34
emit@resource://devtools/shared/event-emitter.js:172:18
emit@resource://devtools/shared/event-emitter.js:324:18
getMutations@resource://devtools/shared/fronts/walker.js:411:10

console.error: (new TypeError("container.node.targetFront is null", "resource://devtools/client/inspector/markup/markup.js", 2243))
console.error: "Error while calling actor 'pagestyle's method 'getLayout'" "node is null"
console.error: "getLayout@resource://devtools/server/actors/styles.js:944:5\nhandler@resource://devtools/shared/protocol/Actor.js:154:37\nonPacket@resource://devtools/server/devtools-server-connection.js:380:58\nreceiveMessage@resource://devtools/shared/transport/child-transport.js:66:16\n"
console.error: (new Error("Protocol error (unknownError): node is null", "resource://devtools/shared/protocol/Front.js", 294))
console.error: (new TypeError("container.node.targetFront is null", "resource://devtools/client/inspector/markup/markup.js", 2243))
console.error: (new TypeError("container.node.targetFront is null", "resource://devtools/client/inspector/markup/markup.js", 2243))
console.error: (new TypeError("container.node.targetFront is null", "resource://devtools/client/inspector/markup/markup.js", 2243))
1586971926344	Marionette	INFO	Stopped listening on port 55797

###!!! [Child][MessageChannel::SendAndWait] Error: Channel error: cannot send/recv

ile" "C:\\Users\\PHILIP~1\\AppData\\Local\\Temp\\rust_mozprofileJXFr5G"
1586971920358	addons.webextension.doh-rollout@mozilla.org	WARN	Loading extension 'doh-rollout@mozilla.org': Reading manifest: Invalid extension permission: networkStatus
1586971920833	addons.webextension.screenshots@mozilla.org	WARN	Loading extension 'screenshots@mozilla.org': Reading manifest: Invalid extension permission: mozillaAddons
1586971920833	addons.webextension.screenshots@mozilla.org	WARN	Loading extension 'screenshots@mozilla.org': Reading manifest: Invalid extension permission: telemetry
1586971920833	addons.webextension.screenshots@mozilla.org	WARN	Loading extension 'screenshots@mozilla.org': Reading manifest: Invalid extension permission: resource://pdf.js/
1586971920833	addons.webextension.screenshots@mozilla.org	WARN	Loading extension 'screenshots@mozilla.org': Reading manifest: Invalid extension permission: about:reader*
JavaScript error: resource://gre/modules/XULStore.jsm, line 66: Error: Can't find profile directory.
1586971923213	Marionette	INFO	Listening on port 60635
1586971923461	Marionette	WARN	TLS certificate errors will be ignored for this session
1586972332329	Marionette	INFO	Stopped listening on port 60635

###!!! [Child][RunMessage] Error: Channel closing: too late to send/recv, messages will be lost


###!!! [Child][MessageChannel::SendAndWait] Error: Channel error: cannot send/recv

sion.doh-rollout@mozilla.org	WARN	Loading extension 'doh-rollout@mozilla.org': Reading manifest: Invalid extension permission: networkStatus
1586972332188	addons.webextension.screenshots@mozilla.org	WARN	Loading extension 'screenshots@mozilla.org': Reading manifest: Invalid extension permission: mozillaAddons
1586972332188	addons.webextension.screenshots@mozilla.org	WARN	Loading extension 'screenshots@mozilla.org': Reading manifest: Invalid extension permission: telemetry
1586972332188	addons.webextension.screenshots@mozilla.org	WARN	Loading extension 'screenshots@mozilla.org': Reading manifest: Invalid extension permission: resource://pdf.js/
1586972332189	addons.webextension.screenshots@mozilla.org	WARN	Loading extension 'screenshots@mozilla.org': Reading manifest: Invalid extension permission: about:reader*
JavaScript error: resource://gre/modules/XULStore.jsm, line 66: Error: Can't find profile directory.
1586972334134	Marionette	INFO	Listening on port 60810
1586972334432	Marionette	WARN	TLS certificate errors will be ignored for this session
JavaScript error: https://www.google.com/xjs/_/js/k=xjs.s.de.dXGmrz72VXU.O/ck=xjs.s.o_0q90Ujq7s.L.F4.O/m=Fkg7bd,HcFEGb,IvlUe,MC8mtf,OF7gzc,RMhBfe,T4BAC,TJw5qb,TbaHGc,Y33vzc,ZyRBae,cdos,cr,hsm,iDPoPb,jsa,mvYTse,tg8oTe,uz938c,vWNDde,ws9Tlc,yQ43ff,d,csi/am=AkAAAACwBGDWDQDnfxAAwIUyDgAAEKAlgo0FUoiEhAAEWGERAAI/d=1/dg=2/ct=zgms/rs=ACT90oFRvwNXzcboqNYhf-4ziyVXLX3Cmg, line 2761: TypeError: a.stopPropagation is not a function
JavaScript error: http://www.koenigstr.de/wp-content/themes/javo-directory/assets/js/bootstrap.min.js?ver=0.01, line 19: TypeError: e[0] is undefined
JavaScript warning: https://www.google.de/maps line 1290 > scriptElement, line 5289: WebGL warning: texSubImage: Texture has not been initialized prior to a partial upload, forcing the browser to clear it. This may be slow.
JavaScript warning: https://www.google.de/maps line 1290 > scriptElement, line 5289: WebGL warning: texSubImage: Tex image TEXTURE_2D level 0 is incurring lazy initialization.
JavaScript warning: https://www.google.de/maps line 1290 > scriptElement, line 5289: WebGL warning: texSubImage: Texture has not been initialized prior to a partial upload, forcing the browser to clear it. This may be slow.
JavaScript warning: https://www.google.de/maps line 1290 > scriptElement, line 5289: WebGL warning: texSubImage: Tex image T1586979143861	Marionette	INFO	Stopped listening on port 60878

###!!! [Child][RunMessage] Error: Channel closing: too late to send/recv, messages will be lost


###!!! [Child][MessageChannel::SendAndWait] Error: Channel error: cannot send/recv

ar it. This may be slow.
JavaScript warning: https://www.google.de/maps line 1290 > scriptElement, line 5289: WebGL warning: texSubImage: Tex image TEXTURE_2D level 0 is incurring lazy initialization.
JavaScript warning: https://www.google.de/maps line 1290 > scriptElement, line 5289: WebGL warning: texSubImage: Texture has not been initialized prior to a partial upload, forcing the browser to clear it. This may be slow.
JavaScript warning: https://www.google.de/maps line 1290 > scriptElement, line 5289: WebGL warning: texSubImage: Tex image TEXTURE_2D level 0 is incurring lazy initialization.
JavaScript warning: https://www.google.de/maps line 1290 > scriptElement, line 5289: WebGL warning: texSubImage: Texture has not been initialized prior to a partial upload, forcing the browser to clear it. This may be slow.
JavaScript warning: https://www.google.de/maps line 1290 > scriptElement, line 5289: WebGL warning: texSubImage: Tex image TEXTURE_2D level 0 is incurring lazy initialization.
JavaScript warning: https://www.google.de/maps line 1290 > scriptElement, line 5289: WebGL warning: texSubImage: Texture has not been initialized prior to a partial upload, forcing the browser to clear it. This may be slow.
JavaScript warning: https://www.google.de/maps line 1290 > scriptElement, line 5289: WebGL warning: texSubImage: Tex image TEXTURE_2D level 0 is incurring lazy initialization.
JavaScript warning: https://www.google.de/maps/_/js/k=maps.m.de.eE0G29MY5bw.O/m=sc2,per,mo,lp,ti,ds,stx,bom,b/rt=j/d=1/rs=ACT90oEqT1mGhbYbfpcVGhiDca9tQe3aUA, line 539: Script terminated by timeout at:
_.Pwa@https://www.google.de/maps/_/js/k=maps.m.de.eE0G29MY5bw.O/m=sc2,per,mo,lp,ti,ds,stx,bom,b/rt=j/d=1/rs=ACT90oEqT1mGhbYbfpcVGhiDca9tQe3aUA:539:90
_.G.dispatchEvent@https://www.google.de/maps/_/js/k=maps.m.de.eE0G29MY5bw.O/m=sc2,per,mo,lp,ti,ds,stx,bom,b/rt=j/d=1/rs=ACT90oEqT1mGhbYbfpcVGhiDca9tQe3aUA:537:360
Xwa@https://www.google.de/maps/_/js/k=maps.m.de.eE0G29MY5bw.O/m=sc2,per,mo,lp,ti,ds,stx,bom,b/rt=j/d=1/rs=ACT90oEqT1mGhbYbfpcVGhiDca9tQe3aUA:549:258
_.G.done@https://www.google.de/maps/_/js/k=maps.m.de.eE0G29MY5bw.O/m=sc2,per,mo,lp,ti,ds,stx,bom,b/rt=j/d=1/rs=ACT90oEqT1mGhbYbfpcVGhiDca9tQe3aUA:547:408
vdc/<@/maps/_/js/k=maps.m.de.eE0G29MY5bw.O/m=vwr,vd,a,owc,ob,sp,en,smi,sc,vlg,log,smr,as,wrc/rt=j/d=1/ed=1/exm=sc2,per,mo,lp,ti,ds,stx,bom,b/rs=ACT90oEqT1mGhbYbfpcVGhiDca9tQe3aUA:3691:142
Mwa@https://www.google.de/maps/_/js/k=maps.m.de.eE0G29MY5bw.O/m=sc2,per,mo,lp,ti,ds,stx,bom,b/rt=j/d=1/rs=ACT90oEqT1mGhbYbfpcVGhiDca9tQe3aUA:533:492
Lwa@https://www.google.de/maps/_/js/k=maps.m.de.eE0G29MY5bw.O/m=sc2,per,mo,lp,ti,ds,stx,bom,b/rt=j/d=1/rs=ACT90oEqT1mGhbYbfpcVGhiDca9tQe3aUA:534:502
c@/maps/_/js/k=maps.m.de.eE0G29MY5bw.O/m=vwr,vd,a,owc,ob,sp,en,smi,sc,vlg,log,smr,as,wrc/rt=j/d=1/ed=1/exm=sc2,per,mo,lp,ti,ds,stx,bom,b/rs=ACT90oEqT1mGhbYbfpcVGhiDca9tQe3aUA:3875:256
Jwa/b<@https://www.google.de/maps/_/js/k=maps.m.de.eE0G29MY5bw.O/m=sc2,per,mo,lp,ti,ds,stx,bom,b/rt=j/d=1/rs=ACT90oEqT1mGhbYbfpcVGhiDca9tQe3aUA:530:53

1586975079199	Marionette	INFO	Stopped listening on port 60810

###!!! [Child][MessageChannel::SendAndWait] Error: Channel error: cannot send/recv

1587057559999	mozrunner::runner	INFO	Running command: "C:\\Program Files\\Mozilla Firefox\\firefox.exe" "-marionette" "-foreground" "-no-remote" "-profile" "C:\\Users\\PHILIP~1\\AppData\\Local\\Temp\\rust_mozprofilee7CIaP"
1587057560840	addons.webextension.doh-rollout@mozilla.org	WARN	Loading extension 'doh-rollout@mozilla.org': Reading manifest: Invalid extension permission: networkStatus
1587057561328	addons.webextension.screenshots@mozilla.org	WARN	Loading extension 'screenshots@mozilla.org': Reading manifest: Invalid extension permission: mozillaAddons
1587057561329	addons.webextension.screenshots@mozilla.org	WARN	Loading extension 'screenshots@mozilla.org': Reading manifest: Invalid extension permission: telemetry
1587057561329	addons.webextension.screenshots@mozilla.org	WARN	Loading extension 'screenshots@mozilla.org': Reading manifest: Invalid extension permission: resource://pdf.js/
1587057561329	addons.webextension.screenshots@mozilla.org	WARN	Loading extension 'screenshots@mozilla.org': Reading manifest: Invalid extension permission: about:reader*
JavaScript error: resource://gre/modules/XULStore.jsm, line 66: Error: Can't find profile directory.
1587057563698	Marionette	INFO	Listening on port 54131
1587057564111	Marionette	WARN	TLS certificate errors will be ignored for this session
1587057633462	Marionette	INFO	Stopped listening on port 54131

###!!! [Child][RunMessage] Error: Channel closing: too late to send/recv, messages will be lost


###!!! [Child][MessageChannel::SendAndWait] Error: Channel error: cannot send/recv

sion.doh-rollout@mozilla.org	WARN	Loading extension 'doh-rollout@mozilla.org': Reading manifest: Invalid extension permission: networkStatus
1587057630649	addons.webextension.screenshots@mozilla.org	WARN	Loading extension 'screenshots@mozilla.org': Reading manifest: Invalid extension permission: mozillaAddons
1587057630650	addons.webextension.screenshots@mozilla.org	WARN	Loading extension 'screenshots@mozilla.org': Reading manifest: Invalid extension permission: telemetry
1587057630650	addons.webextension.screenshots@mozilla.org	WARN	Loading extension 'screenshots@mozilla.org': Reading manifest: Invalid extension permission: resource://pdf.js/
1587057630650	addons.webextension.screenshots@mozilla.org	WARN	Loading extension 'screenshots@mozilla.org': Reading manifest: Invalid extension permission: about:reader*
JavaScript error: resource://gre/modules/XULStore.jsm, line 66: Error: Can't find profile directory.
1587057633988	Marionette	INFO	Listening on port 54202
1587057634449	Marionette	WARN	TLS certificate errors will be ignored for this session
console.error: (new TypeError("parent is null", "resource://devtools/client/inspector/shared/style-change-tracker.js", 67))
TypeError: parent is null: canMutationImpactCurrentStyles@resource://devtools/client/inspector/shared/style-change-tracker.js:67:24
onMutations@resource://devtools/client/inspector/shared/style-change-tracker.js:84:41
_emit@resource://devtools/shared/event-emitter.js:226:34
emit@resource://devtools/shared/event-emitter.js:172:18
emit@resource://devtools/shared/event-emitter.js:324:18
getMutations@resource://devtools/shared/fronts/walker.js:411:10

console.error: (new TypeError("container.node.targetFront is null", "resource://devtools/client/inspector/markup/markup.js", 2243))
1587057727139	Marionette	INFO	Stopped listening on port 54202

###!!! [Child][RunMessage] Error: Channel closing: too late to send/recv, messages will be lost


###!!! [Child][MessageChannel::SendAndWait] Error: Channel error: cannot send/recv

sion.doh-rollout@mozilla.org	WARN	Loading extension 'doh-rollout@mozilla.org': Reading manifest: Invalid extension permission: networkStatus
1587057720501	addons.webextension.screenshots@mozilla.org	WARN	Loading extension 'screenshots@mozilla.org': Reading manifest: Invalid extension permission: mozillaAddons
1587057720501	addons.webextension.screenshots@mozilla.org	WARN	Loading extension 'screenshots@mozilla.org': Reading manifest: Invalid extension permission: telemetry
1587057720501	addons.webextension.screenshots@mozilla.org	WARN	Loading extension 'screenshots@mozilla.org': Reading manifest: Invalid extension permission: resource://pdf.js/
1587057720502	addons.webextension.screenshots@mozilla.org	WARN	Loading extension 'screenshots@mozilla.org': Reading manifest: Invalid extension permission: about:reader*
JavaScript error: resource://gre/modules/XULStore.jsm, line 66: Error: Can't find profile directory.
1587057722954	Marionette	INFO	Listening on port 54284
1587057723185	Marionette	WARN	TLS certificate errors will be ignored for this session
IPDL protocol error: Handler returned error code!

###!!! [Parent][DispatchAsyncMessage] Error: PLayerTransaction::Msg_ReleaseLayer Processing error: message was deserialized, but the handler returned false (indicating failure)

1587057985124	Marionette	INFO	Stopped listening on port 54284

###!!! [Child][MessageChannel::SendAndWait] Error: Channel error: cannot send/recv

rkStatus
1587057929261	addons.webextension.screenshots@mozilla.org	WARN	Loading extension 'screenshots@mozilla.org': Reading manifest: Invalid extension permission: mozillaAddons
1587057929261	addons.webextension.screenshots@mozilla.org	WARN	Loading extension 'screenshots@mozilla.org': Reading manifest: Invalid extension permission: telemetry
1587057929261	addons.webextension.screenshots@mozilla.org	WARN	Loading extension 'screenshots@mozilla.org': Reading manifest: Invalid extension permission: resource://pdf.js/
1587057929261	addons.webextension.screenshots@mozilla.org	WARN	Loading extension 'screenshots@mozilla.org': Reading manifest: Invalid extension permission: about:reader*
JavaScript error: resource://gre/modules/XULStore.jsm, line 66: Error: Can't find profile directory.
1587057931026	Marionette	INFO	Listening on port 54376
1587057931529	Marionette	WARN	TLS certificate errors will be ignored for this session
1587057985042	Marionette	INFO	Stopped listening on port 54376

###!!! [Child][MessageChannel::SendAndWait] Error: Channel error: cannot send/recv

ile" "C:\\Users\\PHILIP~1\\AppData\\Local\\Temp\\rust_mozprofileVEG41Q"
1587057981611	addons.webextension.doh-rollout@mozilla.org	WARN	Loading extension 'doh-rollout@mozilla.org': Reading manifest: Invalid extension permission: networkStatus
1587057982085	addons.webextension.screenshots@mozilla.org	WARN	Loading extension 'screenshots@mozilla.org': Reading manifest: Invalid extension permission: mozillaAddons
1587057982085	addons.webextension.screenshots@mozilla.org	WARN	Loading extension 'screenshots@mozilla.org': Reading manifest: Invalid extension permission: telemetry
1587057982085	addons.webextension.screenshots@mozilla.org	WARN	Loading extension 'screenshots@mozilla.org': Reading manifest: Invalid extension permission: resource://pdf.js/
1587057982085	addons.webextension.screenshots@mozilla.org	WARN	Loading extension 'screenshots@mozilla.org': Reading manifest: Invalid extension permission: about:reader*
JavaScript error: resource://gre/modules/XULStore.jsm, line 66: Error: Can't find profile directory.
1587057984632	Marionette	INFO	Listening on port 54443
1587057984922	Marionette	WARN	TLS certificate errors will be ignored for this session
1587058309172	Marionette	INFO	Stopped listening on port 54443

###!!! [Child][RunMessage] Error: Channel closing: too late to send/recv, messages will be lost


###!!! [Child][MessageChannel::SendAndWait] Error: Channe1587058309372	addons.webextension.doh-rollout@mozilla.org	WARN	Loading extension 'doh-rollout@mozilla.org': Reading manifest: Invalid extension permission: networkStatus
1587058309993	addons.webextension.screenshots@mozilla.org	WARN	Loading extension 'screenshots@mozilla.org': Reading manifest: Invalid extension permission: mozillaAddons
1587058309994	addons.webextension.screenshots@mozilla.org	WARN	Loading extension 'screenshots@mozilla.org': Reading manifest: Invalid extension permission: telemetry
1587058309994	addons.webextension.screenshots@mozilla.org	WARN	Loading extension 'screenshots@mozilla.org': Reading manifest: Invalid extension permission: resource://pdf.js/
1587058309994	addons.webextension.screenshots@mozilla.org	WARN	Loading extension 'screenshots@mozilla.org': Reading manifest: Invalid extension permission: about:reader*
JavaScript error: resource://gre/modules/XULStore.jsm, line 66: Error: Can't find profile directory.
1587058312552	Marionette	INFO	Listening on port 54541
1587058312639	Marionette	WARN	TLS certificate errors will be ignored for this session
1587058382378	mozrunner::runner	INFO	Running command: "C:\\Program Files\\Mozilla Firefox\\firefox.exe" "-marionette" "-foreground" "-no-remote" "-profile" "C:\\Users\\PHILIP~1\\AppData\\Local\\Temp\\rust_mozprofile6kVA76"
1587058382864	addons.webextension.doh-rollout@mozilla.org	WARN	Loading extension 'doh-rollout@mozilla.org': Reading manifest: Invalid extension permission: networkStatus
1587058383430	addons.webextension.screenshots@mozilla.org	WARN	Loading extension 'screenshots@mozilla.org': Reading manifest: Invalid extension permission: mozillaAddons
1587058383430	addons.webextension.screenshots@mozilla.org	WARN	Loading extension 'screenshots@mozilla.org': Reading manifest: Invalid extension permission: telemetry
1587058383430	addons.webextension.screenshots@mozilla.org	WARN	Loading extension 'screenshots@mozilla.org': Reading manifest: Invalid extension permission: resource://pdf.js/
1587058383430	addons.webextension.screenshots@mozilla.org	WARN	Loading extension 'screenshots@mozilla.org': Reading manifest: Invalid extension permission: about:reader*
JavaScript error: resource://gre/modules/XULStore.jsm, line 66: Error: Can't find profile directory.
1587058385184	Marionette	INFO	Listening on port 54629
1587058385506	Marionette	WARN	TLS certificate errors will be ignored for this session
1587058409218	Marionette	INFO	Stopped listening on port 54629

###!!! [Child][RunMessage] Error: Channel closing: too late to send/recv, messages will be lost


###!!! [Child][MessageChannel::SendAndWait] Error: Channel error: cannot send/recv

1587058947617	mozrunner::runner	INFO	Running command: "C:\\Program Files\\Mozilla Firefox\\firefox.exe" "-marionette" "-foreground" "-no-remote" "-profile" "C:\\Users\\PHILIP~1\\AppData\\Local\\Temp\\rust_mozprofileb72lbJ"
1587058947921	addons.webextension.doh-rollout@mozilla.org	WARN	Loading extension 'doh-rollout@mozilla.org': Reading manifest: Invalid extension permission: networkStatus
1587058948398	addons.webextension.screenshots@mozilla.org	WARN	Loading extension 'screenshots@mozilla.org': Reading manifest: Invalid extension permission: mozillaAddons
1587058948398	addons.webextension.screenshots@mozilla.org	WARN	Loading extension 'screenshots@mozilla.org': Reading manifest: Invalid extension permission: telemetry
1587058948399	addons.webextension.screenshots@mozilla.org	WARN	Loading extension 'screenshots@mozilla.org': Reading manifest: Invalid extension permission: resource://pdf.js/
1587058948399	addons.webextension.screenshots@mozilla.org	WARN	Loading extension 'screenshots@mozilla.org': Reading manifest: Invalid extension permission: about:reader*
JavaScript error: resource://gre/modules/XULStore.jsm, line 66: Error: Can't find profile directory.
1587058950531	Marionette	INFO	Listening on port 54790
1587058950730	Marionette	WARN	TLS certificate errors will be ignored for this session
1587059233858	Marionette	INFO	Stopped listening on port 54790

###!!! [Child][RunMessage] Error: Channel closing: too late to send/recv, messages will be lost


###!!! [Child][MessageChannel::SendAndWait] Error: Channel error: cannot send/recv

sion.doh-rollout@mozilla.org	WARN	Loading extension 'doh-rollout@mozilla.org': Reading manifest: Invalid extension permission: networkStatus
1587059234379	addons.webextension.screenshots@mozilla.org	WARN	Loading extension 'screenshots@mozilla.org': Reading manifest: Invalid extension permission: mozillaAddons
1587059234379	addons.webextension.screenshots@mozilla.org	WARN	Loading extension 'screenshots@mozilla.org': Reading manifest: Invalid extension permission: telemetry
1587059234379	addons.webextension.screenshots@mozilla.org	WARN	Loading extension 'screenshots@mozilla.org': Reading manifest: Invalid extension permission: resource://pdf.js/
1587059234380	addons.webextension.screenshots@mozilla.org	WARN	Loading extension 'screenshots@mozilla.org': Reading manifest: Invalid extension permission: about:reader*
JavaScript error: resource://gre/modules/XULStore.jsm, line 66: Error: Can't find profile directory.
1587059237464	Marionette	INFO	Listening on port 54915
1587059237936	Marionette	WARN	TLS certificate errors will be ignored for this session
JavaScript error: , line 0: uncaught exception: Object
JavaScript error: , line 0: uncaught exception: Object
JavaScript error: , line 0: uncaught exception: Object
JavaScript error: , line 0: uncaught exception: Object
JavaScript error: , line 0: uncaught exception: Object
JavaScript error: , line 0: uncaught exception: Object
JavaScript error: , line 0: uncaught exception: Object
JavaScript error: , line 0: uncaught exception: Object
JavaScript error: , line 0: uncaught exception: Object
JavaScript error: , line 0: uncaught exception: Object
JavaScript error: , line 0: uncaught exception: Object
JavaScript error: , line 0: uncaught exception: Object
JavaScript error: , line 0: uncaught exception: Object
JavaScript error: , line 0: uncaught exception: Object
1587065032894	Marionette	INFO	Stopped listening on port 54915
ram Files\\Mozilla Firefox\\firefox.exe" "-marionette" "-foreground" "-no-remote" "-profile" "C:\\Users\\PHILIP~1\\AppData\\Local\\Temp\\rust_mozprofile2REQ7Q"
1587063194306	addons.webextension.doh-rollout@mozilla.org	WARN	Loading extension 'doh-rollout@mozilla.org': Reading manifest: Invalid extension permission: networkStatus
1587063194776	addons.webextension.screenshots@mozilla.org	WARN	Loading extension 'screenshots@mozilla.org': Reading manifest: Invalid extension permission: mozillaAddons
1587063194777	addons.webextension.screenshots@mozilla.org	WARN	Loading extension 'screenshots@mozilla.org': Reading manifest: Invalid extension permission: telemetry
1587063194777	addons.webextension.screenshots@mozilla.org	WARN	Loading extension 'screenshots@mozilla.org': Reading manifest: Invalid extension permission: resource://pdf.js/
1587063194777	addons.webextension.screenshots@mozilla.org	WARN	Loading extension 'screenshots@mozilla.org': Reading manifest: Invalid extension permission: about:reader*
JavaScript error: resource://gre/modules/XULStore.jsm, line 66: Error: Can't find profile directory.
1587063197018	Marionette	INFO	Listening on port 55551
1587063197442	Marionette	WARN	TLS certificate errors will be ignored for this session
[Child 13568,
###!!! [Child][RunMessage] Error: Channel closing: too late to send/recv, messages will be lost

 Chrome_
###!!! [Child][MessageChannel] Error: (msgtype=0x37012B,name=PContent::Msg_ScriptError) Channel closing: too late to send/recv, messages will be lost

ChildThread] WARN
###!!! [Child][MessageChannel] Error: (msgtype=0x58000D,name=PHttpChannel::Msg_DeletingChannel) Channel closing: too late to send/recv, messages will be lost

ING: pipe error: 232: file Z:/task_1585933993/build/src/ipc/chromium/src/chrome/common/ipc_channel_win.cc, line 514
1587065035919	Marionette	INFO	Stopped listening on port 55551

###!!! [Child][RunMessage] Error: Channel closing: too late to send/recv, messages will be lost


###!!! [Child][MessageChannel::SendAndWait] Error: Channel error: cannot send/recv

mozilla.org': Reading manifest: Invalid extension permission: resource://pdf.js/
1587063778837	addons.webextension.screenshots@mozilla.org	WARN	Loading extension 'screenshots@mozilla.org': Reading manifest: Invalid extension permission: about:reader*
JavaScript error: resource://gre/modules/XULStore.jsm, line 66: Error: Can't find profile directory.
1587063781132	Marionette	INFO	Listening on port 55850
1587063781608	Marionette	WARN	TLS certificate errors will be ignored for this session

###!!! [Child][RunMessage] Error: Channel closing: too late to send/recv, messages will be lost


###!!! [Child][RunMessage] Error: Channel closing: too late to send/recv, messages will be lost


###!!! [Child][MessageChannel] Error: (msgtype=0x58000D,name=PHttpChannel::Msg_DeletingChannel) Channel closing: too late to send/recv, messages will be lost


###!!! [Child][MessageChannel] Error: (msgtype=0x58000D,name=PHttpChannel::Msg_DeletingChannel) Channel closing: too late to send/recv, messages will be lost


###!!! [Child][MessageChannel] Error: (msgtype=0x58000D,name=PHttpChannel::Msg_DeletingChannel) Channel closing: too late to send/recv, messages will be lost


###!!! [Child][MessageChannel] Error: (msgtype=0x58000D,name=PHttpChannel::Msg_DeletingChannel) Channel closing: too late to send/recv, messages will be lost


###!!! [Child][MessageChannel] Error: (msgtype=0x58000D,name=PHttpChannel::Msg_DeletingChannel) Channel closing: too late to send/recv, messages will be lost


###!!! [Child][RunMessage] Error: Channel closing: too late to send/recv, messages will be lost


###!!! [Child][RunMessage] Error: Channel closing: too late to send/recv, messages will be lost

1587063783513	Marionette	INFO	Stopped listening on port 55850

###!!! [Child][RunMessage] Error: Channel closing: too late to send/recv, messages will be lost


###!!! [Child][MessageChannel::SendAndWait] Error: Channel error: cannot send/recv

1587063797190	mozrunner::runner	INFO	Running command: "C:\\Program Files\\Mozilla Firefox\\firefox.exe" "-marionette" "-foreground" "-no-remote" "-profile" "C:\\Users\\PHILIP~1\\AppData\\Local\\Temp\\rust_mozprofileAI6cVV"
1587063797740	addons.webextension.doh-rollout@mozilla.org	WARN	Loading extension 'doh-rollout@mozilla.org': Reading manifest: Invalid extension permission: networkStatus
1587063798202	addons.webextension.screenshots@mozilla.org	WARN	Loading extension 'screenshots@mozilla.org': Reading manifest: Invalid extension permission: mozillaAddons
1587063798202	addons.webextension.screenshots@mozilla.org	WARN	Loading extension 'screenshots@mozilla.org': Reading manifest: Invalid extension permission: telemetry
1587063798202	addons.webextension.screenshots@mozilla.org	WARN	Loading extension 'screenshots@mozilla.org': Reading manifest: Invalid extension permission: resource://pdf.js/
1587063798202	addons.webextension.screenshots@mozilla.org	WARN	Loading extension 'screenshots@mozilla.org': Reading manifest: Invalid extension permission: about:reader*
JavaScript error: resource://gre/modules/XULStore.jsm, line 66: Error: Can't find profile directory.
1587063800061	Marionette	INFO	Listening on port 55904
1587063800306	Marionette	WARN	TLS certificate errors will be ignored for this session
JavaScript warning: https://www.instagram.com/philip_singer/, line 280: Script terminated by timeout at:
r@https://www.instagram.com/philip_singer/:280:292
c@https://www.instagram.com/static/bundles/es6/Consumer.js/8e43f4659d56.js:153:246
n@https://www.instagram.com/static/bundles/es6/Consumer.js/8e43f4659d56.js:153:133
t@https://www.instagram.com/static/bundles/es6/Consumer.js/8e43f4659d56.js:154:135
e.initTimeSpentBitArrayLogger/<@https://www.instagram.com/static/bundles/es6/Consumer.js/8e43f4659d56.js:153:733
inform/<@https://www.instagram.com/static/bundles/es6/ConsumerLibCommons.js/9b221ca191c5.js:86:142
inform@https://www.instagram.com/static/bundles/es6/ConsumerLibCommons.js/9b221ca191c5.js:86:131
h@https://www.instagram.com/static/bundles/es6/ConsumerLibCommons.js/9b221ca191c5.js:84:2108
v@https://www.instagram.com/static/bundles/es6/ConsumerUICommons.js/cea89f21de4a.js:31:187

1587065038985	Marionette	INFO	Stopped listening on port 55904

###!!! [Child][MessageChannel::SendAndWait] Error: Channel error: cannot send/recv

ile" "C:\\Users\\PHILIP~1\\AppData\\Local\\Temp\\rust_mozprofilesgNgmR"
1587064081633	addons.webextension.doh-rollout@mozilla.org	WARN	Loading extension 'doh-rollout@mozilla.org': Reading manifest: Invalid extension permission: networkStatus
1587064082111	addons.webextension.screenshots@mozilla.org	WARN	Loading extension 'screenshots@mozilla.org': Reading manifest: Invalid extension permission: mozillaAddons
1587064082111	addons.webextension.screenshots@mozilla.org	WARN	Loading extension 'screenshots@mozilla.org': Reading manifest: Invalid extension permission: telemetry
1587064082111	addons.webextension.screenshots@mozilla.org	WARN	Loading extension 'screenshots@mozilla.org': Reading manifest: Invalid extension permission: resource://pdf.js/
1587064082111	addons.webextension.screenshots@mozilla.org	WARN	Loading extension 'screenshots@mozilla.org': Reading manifest: Invalid extension permission: about:reader*
JavaScript error: resource://gre/modules/XULStore.jsm, line 66: Error: Can't find profile directory.
1587064084302	Marionette	INFO	Listening on port 56207
1587064084448	Marionette	WARN	TLS certificate errors will be ignored for this session
1587064183892	Marionette	INFO	Stopped listening on port 56207

###!!! [Child][RunMessage] Error: Channel closing: too late to send/recv, messages will be lost


###!!! [Child][MessageChannel::SendAndWait] Error: Channel error: cannot send/recv

sion.doh-rollout@mozilla.org	WARN	Loading extension 'doh-rollout@mozilla.org': Reading manifest: Invalid extension permission: networkStatus
1587064127920	addons.webextension.screenshots@mozilla.org	WARN	Loading extension 'screenshots@mozilla.org': Reading manifest: Invalid extension permission: mozillaAddons
1587064127920	addons.webextension.screenshots@mozilla.org	WARN	Loading extension 'screenshots@mozilla.org': Reading manifest: Invalid extension permission: telemetry
1587064127920	addons.webextension.screenshots@mozilla.org	WARN	Loading extension 'screenshots@mozilla.org': Reading manifest: Invalid extension permission: resource://pdf.js/
1587064127920	addons.webextension.screenshots@mozilla.org	WARN	Loading extension 'screenshots@mozilla.org': Reading manifest: Invalid extension permission: about:reader*
JavaScript error: resource://gre/modules/XULStore.jsm, line 66: Error: Can't find profile directory.
1587064130156	Marionette	INFO	Listening on port 56295
1587064130531	Marionette	WARN	TLS certificate errors will be ignored for this session
IPDL protocol error: Handler returned error code!

###!!! [Parent][DispatchAsyncMessage] Error: PLayerTransaction::Msg_ReleaseLayer Processing error: message was deserialized, but the handler returned false (indicating failure)

1587065040098	Marionette	INFO	Stopped listening on port 56295

###!!! [Child][RunMessage] Error: Channel closing: too late to send/recv, messages will be lost


###!!! [Child][MessageChannel::SendAndWait] Error: Channel error: cannot send/recv

ts@mozilla.org': Reading manifest: Invalid extension permission: mozillaAddons
1587064174920	addons.webextension.screenshots@mozilla.org	WARN	Loading extension 'screenshots@mozilla.org': Reading manifest: Invalid extension permission: telemetry
1587064174920	addons.webextension.screenshots@mozilla.org	WARN	Loading extension 'screenshots@mozilla.org': Reading manifest: Invalid extension permission: resource://pdf.js/
1587064174920	addons.webextension.screenshots@mozilla.org	WARN	Loading extension 'screenshots@mozilla.org': Reading manifest: Invalid extension permission: about:reader*
JavaScript error: resource://gre/modules/XULStore.jsm, line 66: Error: Can't find profile directory.
1587064177276	Marionette	INFO	Listening on port 56388
1587064177749	Marionette	WARN	TLS certificate errors will be ignored for this session
1587064214158	Marionette	INFO	Stopped listening on port 56388

###!!! [Child][RunMessage] Error: Channel closing: too late to send/recv, messages will be lost


###!!! [Child][MessageChannel::SendAndWait] Error: Channel error: cannot send/recv

sion.doh-rollout@mozilla.org	WARN	Loading extension 'doh-rollout@mozilla.org': Reading manifest: Invalid extension permission: networkStatus
1587064207884	addons.webextension.screenshots@mozilla.org	WARN	Loading extension 'screenshots@mozilla.org': Reading manifest: Invalid extension permission: mozillaAddons
1587064207884	addons.webextension.screenshots@mozilla.org	WARN	Loading extension 'screenshots@mozilla.org': Reading manifest: Invalid extension permission: telemetry
1587064207884	addons.webextension.screenshots@mozilla.org	WARN	Loading extension 'screenshots@mozilla.org': Reading manifest: Invalid extension permission: resource://pdf.js/
1587064207885	addons.webextension.screenshots@mozilla.org	WARN	Loading extension 'screenshots@mozilla.org': Reading manifest: Invalid extension permission: about:reader*
JavaScript error: resource://gre/modules/XULStore.jsm, line 66: Error: Can't find profile directory.
1587064210047	Marionette	INFO	Listening on port 56487
1587064210529	Marionette	WARN	TLS certificate errors will be ignored for this session
JavaScript warning: https://www.instagram.com/static/bundles/es6/ConsumerUICommons.js/cea89f21de4a.js, line 32: Script terminated by timeout at:
lock@https://www.instagram.com/static/bundles/es6/ConsumerUICommons.js/cea89f21de4a.js:32:638
restore@https://www.instagram.com/static/bundles/es6/ConsumerLibCommons.js/9b221ca191c5.js:84:1689
h@https://www.instagram.com/static/bundles/es6/ConsumerLibCommons.js/9b221ca191c5.js:84:2090
v@https://www.instagram.com/static/bundles/es6/ConsumerUICommons.js/cea89f21de4a.js:31:187

JavaScript error: resource://devtools/server/actors/stylesheets.js, line 392: TypeError: this.ownerNode is null
JavaScript error: resource://devtools/server/actors/stylesheets.js, line 392: TypeError: this.ownerNode is null
JavaScript error: resource://devtools/server/actors/network-monitor/network-response-listener.js, line 84: NS_ERROR_FAILURE: Component returned failure code: 0x80004005 (NS_ERROR_FAILURE) [nsIInterfaceRequestor.getInterface]
JavaScript warning: https://www.instagram.com/static/bundles/es6/Vendor.js/c911f5848b78.js, line 11: Script terminated by timeout at:
be@https://www.instagram.com/static/bundles/es6/Vendor.js/c911f5848b78.js:11:12812
Me@https://www.instagram.com/static/bundles/es6/Vendor.js/c911f5848b78.js:11:14832
mi@https://www.instagram.com/static/bundles/es6/Vendor.js/c911f5848b78.js:11:116555
We@https://www.instagram.com/static/bundles/es6/Vendor.js/c911f5848b78.js:11:15583
Ve@https://www.instagram.com/static/bundles/es6/Vendor.js/c911f5848b78.js:11:16307
Be@https://www.instagram.com/static/bundles/es6/Vendor.js/c911f5848b78.js:11:15827
e.unstable_runWithPriority@https://www.instagram.com/static/bundles/es6/Vendor.js/c911f5848b78.js:13:3497
Vt@https://www.instagram.com/static/bundles/es6/Vendor.js/c911f5848b78.js:11:24432
Fr@https://www.instagram.com/static/bundles/es6/Vendor.js/c911f5848b78.js:11:61397
Le@https://www.instagram.com/static/bundles/es6/Vendor.js/c911f5848b78.js:11:15269

JavaScript error: resource://devtools/server/actors/network-monitor/network-response-listener.js, line 84: NS_ERROR_FAILURE: Component returned failure code: 0x80004005 (NS_ERROR_FAILURE) [nsIInterfaceRequestor.getInterface]
JavaScript error: resource://devtools/server/actors/network-monitor/network-response-listener.js, line 84: NS_ERROR_FAILURE: Component returned failure code: 0x80004005 (NS_ERROR_FAILURE) [nsIInterfaceRequestor.getInterface]
JavaScript error: resource://devtools/server/actors/network-monitor/network-response-listener.js, line 84: NS_ERROR_FAILURE: Component returned failure code: 0x80004005 (NS_ERROR_FAILURE) [nsIInterfaceRequestor.getInterface]
console.warn: services.settings: Signature verified failed for main/normandy-recipes-capabilities. Retry from scratch
console.error: (new TypeError("container.node.targetFront is null", "resource://devtools/client/inspector/markup/markup.js", 2243))
console.error: (new TypeError("container.node.targetFront is null", "resource://devtools/client/inspector/markup/markup.js", 2243))
JavaScript error: resource://devtools/server/actors/network-monitor/network-response-listener.js, line 84: NS_ERROR_FAILURE: Component returned failure code: 0x80004005 (NS_ERROR_FAILURE) [nsIInterfaceRequestor.getInterface]
JavaScript error: resource://devtools/server/actors/network-monitor/network-response-listener.js, line 84: NS_ERROR_FAILURE: Component returned failure code: 0x80004005 (NS_ERROR_FAILURE) [nsIInterfaceRequestor.getInterface]
JavaScript error: resource://devtools/server/actors/network-monitor/network-response-listener.js, line 84: NS_ERROR_FAILURE: Component returned failure code: 0x80004005 (NS_ERROR_FAILURE) [nsIInterfaceRequestor.getInterface]
JavaScript error: https://www.instagram.com/static/bundles/es6/DirectMQTT.js/c8fbbc9b318b.js, line 14: Error: Publish Timed Out
JavaScript error: https://www.instagram.com/static/bundles/es6/DirectMQTT.js/c8fbbc9b318b.js, line 14: Error: Publish Timed Out
JavaScript error: https://www.instagram.com/static/bundles/es6/DirectMQTT.js/c8fbbc9b318b.js, line 14: Error: Publish Timed Out
JavaScript error: https://www.instagram.com/static/bundles/es6/DirectMQTT.js/c8fbbc9b318b.js, line 14: Error: Publish Timed Out
